\BOOKMARK [0][-]{chapter*.2}{\376\377\006\101\006\107\006\061\006\063\006\052\000\040\006\054\006\057\006\047\006\110\006\104}{}% 1
\BOOKMARK [0][-]{chapter*.3}{\376\377\006\101\006\107\006\061\006\063\006\052\000\040\006\052\006\065\006\047\006\110\006\314\006\061}{}% 2
\BOOKMARK [0][-]{chapter*.4}{\376\377\006\106\006\105\006\047\006\057\006\107\006\047\000\040\006\110\000\040\006\071\006\104\006\047\006\105\006\052\040\014\006\107\006\047\006\314\000\040\006\047\006\056\006\052\006\065\006\047\006\061\006\314\000\040}{}% 3
\BOOKMARK [0][-]{chapter.1}{\376\377\006\042\006\064\006\106\006\047\006\314\006\314\000\040\006\110\000\040\006\251\006\104\006\314\006\047\006\052}{}% 4
\BOOKMARK [1][-]{section.1.1}{\376\377\006\105\006\102\006\057\006\105\006\107}{chapter.1}% 5
\BOOKMARK [1][-]{section.1.2}{\376\377\006\176\006\314\006\064\006\314\006\106\006\107\000\040\006\176\006\230\006\110\006\107\006\064}{chapter.1}% 6
\BOOKMARK [2][-]{subsection.1.2.1}{\376\377\006\062\006\112\006\061\000\040\006\050\006\056\006\064\006\314\000\040\006\047\006\062\000\040\006\176\006\314\006\064\006\314\006\106\006\107\000\040\006\176\006\230\006\110\006\107\006\064}{section.1.2}% 7
\BOOKMARK [3][-]{subsubsection.1.2.1.1}{\376\377\006\062\006\112\006\061\000\040\006\050\006\056\006\064\006\314\000\040\006\047\006\062\000\040\006\062\006\112\006\061\000\040\006\050\006\056\006\064\006\314\000\040\006\047\006\062\000\040\006\176\006\314\006\064\006\314\006\106\006\107\000\040\006\176\006\230\006\110\006\107\006\064}{subsection.1.2.1}% 8
\BOOKMARK [3][-]{subsubsection.1.2.1.2}{\376\377\006\062\006\112\006\061\000\040\006\050\006\056\006\064\006\314\000\040\006\057\006\110\006\105\000\040\006\047\006\062\000\040\006\062\006\112\006\061\000\040\006\050\006\056\006\064\006\314\000\040\006\047\006\062\000\040\006\176\006\314\006\064\006\314\006\106\006\107\000\040\006\176\006\230\006\110\006\107\006\064}{subsection.1.2.1}% 9
\BOOKMARK [1][-]{section.1.3}{\376\377\006\107\006\057\006\101\000\040\006\176\006\230\006\110\006\107\006\064}{chapter.1}% 10
\BOOKMARK [1][-]{section.1.4}{\376\377\006\052\006\071\006\061\006\314\006\101\040\014\006\107\006\047\000\040\006\110\000\040\006\105\006\101\006\107\006\110\006\105\040\014\006\107\006\047\006\314\000\040\006\176\006\047\006\314\006\107\040\014\006\047\006\314}{chapter.1}% 11
\BOOKMARK [1][-]{section.1.5}{\376\377\006\206\006\064\006\105\040\014\006\047\006\106\006\057\006\047\006\062}{chapter.1}% 12
\BOOKMARK [0][-]{chapter.2}{\376\377\006\056\006\104\006\047\006\065\006\107\040\014\006\047\006\314\000\040\006\047\006\062\000\040\006\052\006\110\006\047\006\050\006\071\000\040\006\176\006\047\006\314\006\107\000\040\006\064\006\071\006\047\006\071\006\314}{}% 13
\BOOKMARK [1][-]{section.2.1}{\376\377\006\047\006\314\006\054\006\047\006\057\000\040\006\105\006\055\006\314\006\067\040\014\006\107\006\047\006\314\000\040\006\106\006\257\006\047\006\061\006\064\006\314\000\040\006\110\006\314\006\230\006\107}{chapter.2}% 14
\BOOKMARK [1][-]{section.2.2}{\376\377\006\052\006\110\006\047\006\050\006\071\000\040\006\176\006\047\006\314\006\107\000\040\006\064\006\071\006\047\006\071\006\314}{chapter.2}% 15
\BOOKMARK [1][-]{section.2.3}{\376\377\006\057\006\061\006\110\006\106\006\314\006\047\006\050\006\314\000\040\006\050\006\047\000\040\006\052\006\110\006\047\006\050\006\071\000\040\006\176\006\047\006\314\006\107\000\040\006\064\006\071\006\047\006\071\006\314}{chapter.2}% 16
\BOOKMARK [0][-]{chapter.3}{\376\377\006\061\006\110\006\064\000\040\006\107\006\105\040\014\006\105\006\055\006\104\006\314\000\040\006\105\006\050\006\052\006\106\006\314\000\040\006\050\006\061\000\040\006\052\006\110\006\047\006\050\006\071\000\040\006\176\006\047\006\314\006\107\000\040\006\064\006\071\006\047\006\071\006\314\000\040\006\101\006\061\006\047\006\257\006\314\006\061\000\040}{}% 17
\BOOKMARK [1][-]{section.3.1}{\376\377\006\064\006\061\006\047\006\314\006\067\000\040\006\105\006\061\006\062\006\314\000\040\006\206\006\106\006\057\006\257\006\047\006\106\006\107}{chapter.3}% 18
\BOOKMARK [2][-]{subsection.3.1.1}{\376\377\006\052\006\050\006\057\006\314\006\104\000\040\006\050\006\107\000\040\006\057\006\063\006\052\006\257\006\047\006\107\000\040\006\047\006\062\000\040\006\105\006\061\006\052\006\050\006\107\000\040\006\176\006\047\006\314\006\314\006\106\040\014\006\052\006\061}{section.3.1}% 19
\BOOKMARK [2][-]{subsection.3.1.2}{\376\377\006\061\006\110\006\064\000\040\006\106\006\102\006\067\006\107\000\040\006\052\006\065\006\110\006\061\006\314}{section.3.1}% 20
\BOOKMARK [1][-]{section.3.2}{\376\377\006\176\006\314\006\047\006\057\006\107\000\040\006\063\006\047\006\062\006\314\000\040\006\050\006\047\000\040\006\105\006\052\006\104\006\050}{chapter.3}% 21
\BOOKMARK [2][-]{subsection.3.2.1}{\376\377\000\040\006\176\006\314\006\047\006\057\006\107\000\040\006\063\006\047\006\062\006\314\000\040\006\061\006\110\006\064\000\040\006\106\006\102\006\067\006\107\000\040\006\052\006\065\006\110\006\061\006\314}{section.3.2}% 22
\BOOKMARK [2][-]{subsection.3.2.2}{\376\377\000\040\006\176\006\314\006\047\006\057\006\107\000\040\006\063\006\047\006\062\006\314\000\040\006\061\006\110\006\064\000\040\006\050\006\047\006\062\000\040\006\052\006\065\006\110\006\314\006\061}{section.3.2}% 23
\BOOKMARK [1][-]{section.3.3}{\376\377\006\106\006\052\006\047\006\314\006\054\000\040\006\071\006\057\006\057\006\314}{chapter.3}% 24
\BOOKMARK [0][-]{chapter.4}{\376\377\006\061\006\110\006\064\040\014\006\107\006\047\006\314\000\040\006\107\006\105\040\014\006\105\006\055\006\104\006\314\000\040\006\105\006\110\006\066\006\071\006\314\000\040\006\105\006\050\006\052\006\106\006\314\000\040\006\050\006\061\000\040\006\052\006\110\006\047\006\050\006\071\000\040\006\176\006\047\006\314\006\107\000\040\006\064\006\071\006\047\006\071\006\314\000\040}{}% 25
\BOOKMARK [1][-]{section.4.1}{\376\377\006\061\006\110\006\064\000\040\006\047\006\101\006\061\006\047\006\062\000\040\006\110\006\047\006\055\006\057}{chapter.4}% 26
\BOOKMARK [0][-]{appendix.Alph1}{\376\377\006\251\006\057\006\107\006\047\006\314\000\040\006\062\006\050\006\047\006\106\000\040\006\050\006\061\006\106\006\047\006\105\006\107\040\014\006\106\006\110\006\314\006\063\006\314\000P\000y\000t\000h\000o\000n}{}% 27
\BOOKMARK [0][-]{appendix*.5}{\376\377\006\105\006\061\006\054\006\071\040\014\006\107\006\047}{}% 28
\BOOKMARK [0][-]{appendix*.6}{\376\377\006\110\006\047\006\230\006\107\040\014\006\106\006\047\006\105\006\107\000\040\006\101\006\047\006\061\006\063\006\314\000\040\006\050\006\107\000\040\006\047\006\106\006\257\006\104\006\314\006\063\006\314}{}% 29
