This is XeTeX, Version 3.1415926-2.3-0.9997.5 (Web2C 2011) (format=xelatex 2017.4.27)  5 SEP 2018 21:53
entering extended mode
 restricted \write18 enabled.
 %&-line parsing enabled.
**Papers.tex
(./Papers.tex
LaTeX2e <2011/06/27>
Babel <v3.8m> and hyphenation patterns for english, dumylang, nohyphenation, ge
rman-x-2011-07-01, ngerman-x-2011-07-01, afrikaans, ancientgreek, ibycus, arabi
c, armenian, basque, bulgarian, catalan, pinyin, coptic, croatian, czech, danis
h, dutch, ukenglish, usenglishmax, esperanto, estonian, ethiopic, farsi, finnis
h, french, galician, german, ngerman, swissgerman, monogreek, greek, hungarian,
 icelandic, assamese, bengali, gujarati, hindi, kannada, malayalam, marathi, or
iya, panjabi, tamil, telugu, indonesian, interlingua, irish, italian, kurmanji,
 lao, latin, latvian, lithuanian, mongolian, mongolianlmc, bokmal, nynorsk, pol
ish, portuguese, romanian, russian, sanskrit, serbian, serbianc, slovak, sloven
ian, spanish, swedish, turkish, turkmen, ukrainian, uppersorbian, welsh, loaded
.
! Undefined control sequence.
l.2 \chapter
            *{مقالات مستخرج از پایان‌نامه}
The control sequence at the end of the top line
of your error message was never \def'ed. If you have
misspelled it (e.g., `\hobx'), type `I' and the correct
spelling (e.g., `I\hbox'). Otherwise just continue,
and I'll forget about whatever was undefined.


! LaTeX Error: Missing \begin{document}.

See the LaTeX manual or LaTeX Companion for explanation.
Type  H <return>  for immediate help.
 ...                                              
                                                  
l.2 \chapter*
             {مقالات مستخرج از پایان‌نامه}
You're in trouble here.  Try typing  <return>  to proceed.
If that doesn't work, type  X <return>  to quit.

Missing character: There is no * in font nullfont!
Missing character: There is no م in font nullfont!
Missing character: There is no ق in font nullfont!
Missing character: There is no ا in font nullfont!
Missing character: There is no ل in font nullfont!
Missing character: There is no ا in font nullfont!
Missing character: There is no ت in font nullfont!
Missing character: There is no م in font nullfont!
Missing character: There is no س in font nullfont!
Missing character: There is no ت in font nullfont!
Missing character: There is no خ in font nullfont!
Missing character: There is no ر in font nullfont!
Missing character: There is no ج in font nullfont!
Missing character: There is no ا in font nullfont!
Missing character: There is no ز in font nullfont!
Missing character: There is no پ in font nullfont!
Missing character: There is no ا in font nullfont!
Missing character: There is no ی in font nullfont!
Missing character: There is no ا in font nullfont!
Missing character: There is no ن in font nullfont!
Missing character: There is no ‌ in font nullfont!
Missing character: There is no ن in font nullfont!
Missing character: There is no ا in font nullfont!
Missing character: There is no م in font nullfont!
Missing character: There is no ه in font nullfont!

Overfull \hbox (20.0pt too wide) in paragraph at lines 2--5
[]
 []


! LaTeX Error: Environment latin undefined.

See the LaTeX manual or LaTeX Companion for explanation.
Type  H <return>  for immediate help.
 ...                                              
                                                  
l.7 \begin{latin}
                 
Your command was ignored.
Type  I <command> <return>  to replace it with another command,
or  <return>  to continue without it.


! LaTeX Error: Missing \begin{document}.

See the LaTeX manual or LaTeX Companion for explanation.
Type  H <return>  for immediate help.
 ...                                              
                                                  
l.8 \begin{enumerate}
                     
You're in trouble here.  Try typing  <return>  to proceed.
If that doesn't work, type  X <return>  to quit.


Overfull \hbox (20.0pt too wide) in paragraph at lines 8--8
[] 
 []

Missing character: There is no A in font nullfont!
Missing character: There is no . in font nullfont!
Missing character: There is no G in font nullfont!
Missing character: There is no o in font nullfont!
Missing character: There is no l in font nullfont!
Missing character: There is no b in font nullfont!
Missing character: There is no a in font nullfont!
Missing character: There is no b in font nullfont!
Missing character: There is no a in font nullfont!
Missing character: There is no i in font nullfont!
Missing character: There is no , in font nullfont!
Missing character: There is no A in font nullfont!
Missing character: There is no . in font nullfont!
Missing character: There is no S in font nullfont!
Missing character: There is no a in font nullfont!
Missing character: There is no f in font nullfont!
Missing character: There is no d in font nullfont!
Missing character: There is no a in font nullfont!
Missing character: There is no r in font nullfont!
Missing character: There is no i in font nullfont!
Missing character: There is no - in font nullfont!
Missing character: There is no V in font nullfont!
Missing character: There is no a in font nullfont!
Missing character: There is no i in font nullfont!
Missing character: There is no g in font nullfont!
Missing character: There is no h in font nullfont!
Missing character: There is no a in font nullfont!
Missing character: There is no n in font nullfont!
Missing character: There is no i in font nullfont!
Missing character: There is no , in font nullfont!
Missing character: There is no , in font nullfont!
Missing character: There is no C in font nullfont!
Missing character: There is no o in font nullfont!
Missing character: There is no m in font nullfont!
Missing character: There is no p in font nullfont!
Missing character: There is no u in font nullfont!
Missing character: There is no t in font nullfont!
Missing character: There is no i in font nullfont!
Missing character: There is no n in font nullfont!
Missing character: There is no g in font nullfont!
Missing character: There is no , in font nullfont!
Missing character: There is no 9 in font nullfont!
Missing character: There is no 2 in font nullfont!
Missing character: There is no ( in font nullfont!
Missing character: There is no 2 in font nullfont!
Missing character: There is no 0 in font nullfont!
Missing character: There is no 1 in font nullfont!
Missing character: There is no 1 in font nullfont!
Missing character: There is no ) in font nullfont!
Missing character: There is no , in font nullfont!
Missing character: There is no p in font nullfont!
Missing character: There is no p in font nullfont!
Missing character: There is no . in font nullfont!
Missing character: There is no 2 in font nullfont!
Missing character: There is no 2 in font nullfont!
Missing character: There is no 5 in font nullfont!
Missing character: There is no – in font nullfont!
Missing character: There is no 2 in font nullfont!
Missing character: There is no 4 in font nullfont!
Missing character: There is no 2 in font nullfont!
Missing character: There is no . in font nullfont!

Overfull \hbox (7.43329pt too wide) in paragraph at lines 10--13
\OT1/cmr/m/it/10 A
 []


Overfull \hbox (25.55539pt too wide) in paragraph at lines 10--13
\OT1/cmr/m/it/10 mesh-
 []


Overfull \hbox (15.33324pt too wide) in paragraph at lines 10--13
\OT1/cmr/m/it/10 less
 []


Overfull \hbox (30.92201pt too wide) in paragraph at lines 10--13
\OT1/cmr/m/it/10 method
 []


Overfull \hbox (12.39436pt too wide) in paragraph at lines 10--13
\OT1/cmr/m/it/10 for
 []


Overfull \hbox (14.56657pt too wide) in paragraph at lines 10--13
\OT1/cmr/m/it/10 nu-
 []


Overfull \hbox (20.57207pt too wide) in paragraph at lines 10--13
\OT1/cmr/m/it/10 mer-
 []


Overfull \hbox (6.6444pt too wide) in paragraph at lines 10--13
\OT1/cmr/m/it/10 i-
 []


Overfull \hbox (11.75546pt too wide) in paragraph at lines 10--13
\OT1/cmr/m/it/10 cal
 []


Overfull \hbox (12.7777pt too wide) in paragraph at lines 10--13
\OT1/cmr/m/it/10 so-
 []


Overfull \hbox (11.49992pt too wide) in paragraph at lines 10--13
\OT1/cmr/m/it/10 lu-
 []


Overfull \hbox (17.12212pt too wide) in paragraph at lines 10--13
\OT1/cmr/m/it/10 tion
 []


Overfull \hbox (8.17773pt too wide) in paragraph at lines 10--13
\OT1/cmr/m/it/10 of
 []


Overfull \hbox (13.03323pt too wide) in paragraph at lines 10--13
\OT1/cmr/m/it/10 the
 []


Overfull \hbox (18.1443pt too wide) in paragraph at lines 10--13
\OT1/cmr/m/it/10 cou-
 []


Overfull \hbox (16.86655pt too wide) in paragraph at lines 10--13
\OT1/cmr/m/it/10 pled
 []


Overfull \hbox (54.43292pt too wide) in paragraph at lines 10--13
\OT1/cmr/m/it/10 Schrodinger-
 []


Overfull \hbox (20.23322pt too wide) in paragraph at lines 10--13
\OT1/cmr/m/it/10 KdV
 []


Overfull \hbox (22.74426pt too wide) in paragraph at lines 10--13
\OT1/cmr/m/it/10 equa-
 []


Overfull \hbox (21.21098pt too wide) in paragraph at lines 10--13
\OT1/cmr/m/it/10 tions
 []

Missing character: There is no , in font nullfont!
Missing character: There is no E in font nullfont!
Missing character: There is no l in font nullfont!
Missing character: There is no e in font nullfont!
Missing character: There is no c in font nullfont!
Missing character: There is no t in font nullfont!
Missing character: There is no r in font nullfont!
Missing character: There is no o in font nullfont!
Missing character: There is no n in font nullfont!
Missing character: There is no i in font nullfont!
Missing character: There is no c in font nullfont!
Missing character: There is no T in font nullfont!
Missing character: There is no r in font nullfont!
Missing character: There is no a in font nullfont!
Missing character: There is no n in font nullfont!
Missing character: There is no s in font nullfont!
Missing character: There is no a in font nullfont!
Missing character: There is no c in font nullfont!
Missing character: There is no t in font nullfont!
Missing character: There is no i in font nullfont!
Missing character: There is no o in font nullfont!
Missing character: There is no n in font nullfont!
Missing character: There is no s in font nullfont!
Missing character: There is no o in font nullfont!
Missing character: There is no n in font nullfont!
Missing character: There is no N in font nullfont!
Missing character: There is no u in font nullfont!
Missing character: There is no m in font nullfont!
Missing character: There is no e in font nullfont!
Missing character: There is no r in font nullfont!
Missing character: There is no i in font nullfont!
Missing character: There is no c in font nullfont!
Missing character: There is no a in font nullfont!
Missing character: There is no l in font nullfont!
Missing character: There is no A in font nullfont!
Missing character: There is no n in font nullfont!
Missing character: There is no a in font nullfont!
Missing character: There is no l in font nullfont!
Missing character: There is no y in font nullfont!
Missing character: There is no s in font nullfont!
Missing character: There is no i in font nullfont!
Missing character: There is no s in font nullfont!
Missing character: There is no , in font nullfont!
Missing character: There is no 3 in font nullfont!
Missing character: There is no 9 in font nullfont!
Missing character: There is no ( in font nullfont!
Missing character: There is no 2 in font nullfont!
Missing character: There is no 0 in font nullfont!
Missing character: There is no 1 in font nullfont!
Missing character: There is no 2 in font nullfont!
Missing character: There is no ) in font nullfont!
Missing character: There is no , in font nullfont!
Missing character: There is no p in font nullfont!
Missing character: There is no p in font nullfont!
Missing character: There is no . in font nullfont!
Missing character: There is no 2 in font nullfont!
Missing character: There is no 2 in font nullfont!
Missing character: There is no - in font nullfont!
Missing character: There is no 3 in font nullfont!
Missing character: There is no 1 in font nullfont!
Missing character: There is no . in font nullfont!

Overfull \hbox (48.81078pt too wide) in paragraph at lines 17--19
[]\OT1/cmr/m/it/10 Collocation
 []


Overfull \hbox (30.92201pt too wide) in paragraph at lines 17--19
\OT1/cmr/m/it/10 method
 []


Overfull \hbox (22.48871pt too wide) in paragraph at lines 17--19
\OT1/cmr/m/it/10 based
 []


Overfull \hbox (10.73328pt too wide) in paragraph at lines 17--19
\OT1/cmr/m/it/10 on
 []


Overfull \hbox (12.39433pt too wide) in paragraph at lines 17--19
\OT1/cmr/m/it/10 ra-
 []


Overfull \hbox (15.84436pt too wide) in paragraph at lines 17--19
\OT1/cmr/m/it/10 dial
 []


Overfull \hbox (12.77766pt too wide) in paragraph at lines 17--19
\OT1/cmr/m/it/10 ba-
 []


Overfull \hbox (11.24438pt too wide) in paragraph at lines 17--19
\OT1/cmr/m/it/10 sis
 []


Overfull \hbox (22.23318pt too wide) in paragraph at lines 17--19
\OT1/cmr/m/it/10 func-
 []


Overfull \hbox (17.12212pt too wide) in paragraph at lines 17--19
\OT1/cmr/m/it/10 tion
 []


Overfull \hbox (12.39436pt too wide) in paragraph at lines 17--19
\OT1/cmr/m/it/10 for
 []


Overfull \hbox (13.03323pt too wide) in paragraph at lines 17--19
\OT1/cmr/m/it/10 the
 []


Overfull \hbox (18.1443pt too wide) in paragraph at lines 17--19
\OT1/cmr/m/it/10 cou-
 []


Overfull \hbox (16.86655pt too wide) in paragraph at lines 17--19
\OT1/cmr/m/it/10 pled
 []


Overfull \hbox (27.11093pt too wide) in paragraph at lines 17--19
\OT1/cmr/m/it/10 Klein-
 []


Overfull \hbox (35.97476pt too wide) in paragraph at lines 17--19
\OT1/cmr/m/it/10 Gordon-
 []


Overfull \hbox (50.85518pt too wide) in paragraph at lines 17--19
\OT1/cmr/m/it/10 Schrodinger
 []


Overfull \hbox (22.74426pt too wide) in paragraph at lines 17--19
\OT1/cmr/m/it/10 equa-
 []


Overfull \hbox (21.21098pt too wide) in paragraph at lines 17--19
\OT1/cmr/m/it/10 tions
 []

Missing character: There is no A in font nullfont!
Missing character: There is no . in font nullfont!
Missing character: There is no G in font nullfont!
Missing character: There is no o in font nullfont!
Missing character: There is no l in font nullfont!
Missing character: There is no b in font nullfont!
Missing character: There is no a in font nullfont!
Missing character: There is no b in font nullfont!
Missing character: There is no a in font nullfont!
Missing character: There is no i in font nullfont!
Missing character: There is no , in font nullfont!
Missing character: There is no A in font nullfont!
Missing character: There is no . in font nullfont!
Missing character: There is no S in font nullfont!
Missing character: There is no a in font nullfont!
Missing character: There is no f in font nullfont!
Missing character: There is no d in font nullfont!
Missing character: There is no a in font nullfont!
Missing character: There is no r in font nullfont!
Missing character: There is no i in font nullfont!
Missing character: There is no V in font nullfont!
Missing character: There is no a in font nullfont!
Missing character: There is no i in font nullfont!
Missing character: There is no g in font nullfont!
Missing character: There is no h in font nullfont!
Missing character: There is no a in font nullfont!
Missing character: There is no n in font nullfont!
Missing character: There is no i in font nullfont!
Missing character: There is no , in font nullfont!
Missing character: There is no , in font nullfont!
Missing character: There is no W in font nullfont!
Missing character: There is no o in font nullfont!
Missing character: There is no r in font nullfont!
Missing character: There is no l in font nullfont!
Missing character: There is no d in font nullfont!
Missing character: There is no J in font nullfont!
Missing character: There is no o in font nullfont!
Missing character: There is no u in font nullfont!
Missing character: There is no r in font nullfont!
Missing character: There is no n in font nullfont!
Missing character: There is no a in font nullfont!
Missing character: There is no l in font nullfont!
Missing character: There is no o in font nullfont!
Missing character: There is no f in font nullfont!
Missing character: There is no M in font nullfont!
Missing character: There is no o in font nullfont!
Missing character: There is no d in font nullfont!
Missing character: There is no e in font nullfont!
Missing character: There is no l in font nullfont!
Missing character: There is no l in font nullfont!
Missing character: There is no i in font nullfont!
Missing character: There is no n in font nullfont!
Missing character: There is no g in font nullfont!
Missing character: There is no a in font nullfont!
Missing character: There is no n in font nullfont!
Missing character: There is no d in font nullfont!
Missing character: There is no S in font nullfont!
Missing character: There is no i in font nullfont!
Missing character: There is no m in font nullfont!
Missing character: There is no u in font nullfont!
Missing character: There is no l in font nullfont!
Missing character: There is no a in font nullfont!
Missing character: There is no t in font nullfont!
Missing character: There is no i in font nullfont!
Missing character: There is no o in font nullfont!
Missing character: There is no n in font nullfont!
Missing character: There is no , in font nullfont!
Missing character: There is no 7 in font nullfont!
Missing character: There is no ( in font nullfont!
Missing character: There is no 2 in font nullfont!
Missing character: There is no 0 in font nullfont!
Missing character: There is no 1 in font nullfont!
Missing character: There is no 1 in font nullfont!
Missing character: There is no ) in font nullfont!
Missing character: There is no , in font nullfont!
Missing character: There is no p in font nullfont!
Missing character: There is no p in font nullfont!
Missing character: There is no . in font nullfont!
Missing character: There is no 3 in font nullfont!
Missing character: There is no 0 in font nullfont!
Missing character: There is no 7 in font nullfont!
Missing character: There is no - in font nullfont!
Missing character: There is no 3 in font nullfont!
Missing character: There is no 1 in font nullfont!
Missing character: There is no 1 in font nullfont!
Missing character: There is no . in font nullfont!

Overfull \hbox (26.59984pt too wide) in paragraph at lines 21--24
\OT1/cmr/m/it/10 Width
 []


Overfull \hbox (13.79991pt too wide) in paragraph at lines 21--24
\OT1/cmr/m/it/10 op-
 []


Overfull \hbox (9.96658pt too wide) in paragraph at lines 21--24
\OT1/cmr/m/it/10 ti-
 []


Overfull \hbox (24.02208pt too wide) in paragraph at lines 21--24
\OT1/cmr/m/it/10 miza-
 []


Overfull \hbox (17.12212pt too wide) in paragraph at lines 21--24
\OT1/cmr/m/it/10 tion
 []


Overfull \hbox (8.17773pt too wide) in paragraph at lines 21--24
\OT1/cmr/m/it/10 of
 []


Overfull \hbox (25.8804pt too wide) in paragraph at lines 21--24
\OT1/cmr/m/it/10 Gaus-
 []


Overfull \hbox (17.8888pt too wide) in paragraph at lines 21--24
\OT1/cmr/m/it/10 sian
 []


Overfull \hbox (22.23318pt too wide) in paragraph at lines 21--24
\OT1/cmr/m/it/10 func-
 []


Overfull \hbox (17.12212pt too wide) in paragraph at lines 21--24
\OT1/cmr/m/it/10 tion
 []


Overfull \hbox (9.45547pt too wide) in paragraph at lines 21--24
\OT1/cmr/m/it/10 by
 []


Overfull \hbox (12.77766pt too wide) in paragraph at lines 21--24
\OT1/cmr/m/it/10 ge-
 []


Overfull \hbox (21.21095pt too wide) in paragraph at lines 21--24
\OT1/cmr/m/it/10 netic
 []


Overfull \hbox (11.24437pt too wide) in paragraph at lines 21--24
\OT1/cmr/m/it/10 al-
 []


Overfull \hbox (13.28879pt too wide) in paragraph at lines 21--24
\OT1/cmr/m/it/10 go-
 []


Overfull \hbox (23.89429pt too wide) in paragraph at lines 21--24
\OT1/cmr/m/it/10 rithm
 []


Overfull \hbox (8.68884pt too wide) in paragraph at lines 21--24
\OT1/cmr/m/it/10 in
 []


Overfull \hbox (20.86098pt too wide) in paragraph at lines 21--24
\OT1/cmr/m/it/10 RBF
 []


Overfull \hbox (17.12209pt too wide) in paragraph at lines 21--24
\OT1/cmr/m/it/10 net-
 []


Overfull \hbox (24.66095pt too wide) in paragraph at lines 21--24
\OT1/cmr/m/it/10 works
 []

Missing character: There is no A in font nullfont!
Missing character: There is no . in font nullfont!
Missing character: There is no G in font nullfont!
Missing character: There is no o in font nullfont!
Missing character: There is no l in font nullfont!
Missing character: There is no b in font nullfont!
Missing character: There is no a in font nullfont!
Missing character: There is no b in font nullfont!
Missing character: There is no a in font nullfont!
Missing character: There is no i in font nullfont!
Missing character: There is no , in font nullfont!
Missing character: There is no A in font nullfont!
Missing character: There is no . in font nullfont!
Missing character: There is no S in font nullfont!
Missing character: There is no a in font nullfont!
Missing character: There is no f in font nullfont!
Missing character: There is no d in font nullfont!
Missing character: There is no a in font nullfont!
Missing character: There is no r in font nullfont!
Missing character: There is no i in font nullfont!
Missing character: There is no V in font nullfont!
Missing character: There is no a in font nullfont!
Missing character: There is no i in font nullfont!
Missing character: There is no g in font nullfont!
Missing character: There is no h in font nullfont!
Missing character: There is no a in font nullfont!
Missing character: There is no n in font nullfont!
Missing character: There is no i in font nullfont!
Missing character: There is no , in font nullfont!
Missing character: There is no , in font nullfont!
Missing character: There is no t in font nullfont!
Missing character: There is no h in font nullfont!
Missing character: There is no e in font nullfont!
Missing character: There is no 4 in font nullfont!
Missing character: There is no 0 in font nullfont!
Missing character: There is no t in font nullfont!
Missing character: There is no h in font nullfont!
Missing character: There is no I in font nullfont!
Missing character: There is no r in font nullfont!
Missing character: There is no a in font nullfont!
Missing character: There is no n in font nullfont!
Missing character: There is no i in font nullfont!
Missing character: There is no a in font nullfont!
Missing character: There is no n in font nullfont!
Missing character: There is no I in font nullfont!
Missing character: There is no n in font nullfont!
Missing character: There is no t in font nullfont!
Missing character: There is no e in font nullfont!
Missing character: There is no r in font nullfont!
Missing character: There is no n in font nullfont!
Missing character: There is no a in font nullfont!
Missing character: There is no t in font nullfont!
Missing character: There is no i in font nullfont!
Missing character: There is no o in font nullfont!
Missing character: There is no n in font nullfont!
Missing character: There is no a in font nullfont!
Missing character: There is no l in font nullfont!
Missing character: There is no C in font nullfont!
Missing character: There is no o in font nullfont!
Missing character: There is no n in font nullfont!
Missing character: There is no f in font nullfont!
Missing character: There is no e in font nullfont!
Missing character: There is no r in font nullfont!
Missing character: There is no e in font nullfont!
Missing character: There is no n in font nullfont!
Missing character: There is no c in font nullfont!
Missing character: There is no e in font nullfont!
Missing character: There is no o in font nullfont!
Missing character: There is no n in font nullfont!
Missing character: There is no M in font nullfont!
Missing character: There is no a in font nullfont!
Missing character: There is no t in font nullfont!
Missing character: There is no h in font nullfont!
Missing character: There is no e in font nullfont!
Missing character: There is no m in font nullfont!
Missing character: There is no a in font nullfont!
Missing character: There is no t in font nullfont!
Missing character: There is no i in font nullfont!
Missing character: There is no c in font nullfont!
Missing character: There is no s in font nullfont!
Missing character: There is no 2 in font nullfont!
Missing character: There is no 0 in font nullfont!
Missing character: There is no - in font nullfont!
Missing character: There is no 2 in font nullfont!
Missing character: There is no 4 in font nullfont!
Missing character: There is no A in font nullfont!
Missing character: There is no g in font nullfont!
Missing character: There is no u in font nullfont!
Missing character: There is no s in font nullfont!
Missing character: There is no t in font nullfont!
Missing character: There is no 2 in font nullfont!
Missing character: There is no 0 in font nullfont!
Missing character: There is no 0 in font nullfont!
Missing character: There is no 9 in font nullfont!
Missing character: There is no , in font nullfont!
Missing character: There is no S in font nullfont!
Missing character: There is no h in font nullfont!
Missing character: There is no a in font nullfont!
Missing character: There is no r in font nullfont!
Missing character: There is no i in font nullfont!
Missing character: There is no f in font nullfont!
Missing character: There is no U in font nullfont!
Missing character: There is no n in font nullfont!
Missing character: There is no i in font nullfont!
Missing character: There is no v in font nullfont!
Missing character: There is no e in font nullfont!
Missing character: There is no r in font nullfont!
Missing character: There is no s in font nullfont!
Missing character: There is no i in font nullfont!
Missing character: There is no t in font nullfont!
Missing character: There is no y in font nullfont!
Missing character: There is no o in font nullfont!
Missing character: There is no f in font nullfont!
Missing character: There is no T in font nullfont!
Missing character: There is no e in font nullfont!
Missing character: There is no c in font nullfont!
Missing character: There is no h in font nullfont!
Missing character: There is no n in font nullfont!
Missing character: There is no o in font nullfont!
Missing character: There is no l in font nullfont!
Missing character: There is no o in font nullfont!
Missing character: There is no g in font nullfont!
Missing character: There is no y in font nullfont!
Missing character: There is no , in font nullfont!
Missing character: There is no T in font nullfont!
Missing character: There is no e in font nullfont!
Missing character: There is no h in font nullfont!
Missing character: There is no r in font nullfont!
Missing character: There is no a in font nullfont!
Missing character: There is no n in font nullfont!
Missing character: There is no , in font nullfont!
Missing character: There is no I in font nullfont!
Missing character: There is no r in font nullfont!
Missing character: There is no a in font nullfont!
Missing character: There is no n in font nullfont!
Missing character: There is no . in font nullfont!

Overfull \hbox (27.15816pt too wide) in paragraph at lines 25--28
\OT1/cmr/m/it/10 Global
 []


Overfull \hbox (13.79991pt too wide) in paragraph at lines 25--28
\OT1/cmr/m/it/10 op-
 []


Overfull \hbox (9.96658pt too wide) in paragraph at lines 25--28
\OT1/cmr/m/it/10 ti-
 []


Overfull \hbox (24.02208pt too wide) in paragraph at lines 25--28
\OT1/cmr/m/it/10 miza-
 []


Overfull \hbox (17.12212pt too wide) in paragraph at lines 25--28
\OT1/cmr/m/it/10 tion
 []


Overfull \hbox (8.17773pt too wide) in paragraph at lines 25--28
\OT1/cmr/m/it/10 of
 []


Overfull \hbox (12.81657pt too wide) in paragraph at lines 25--28
\OT1/cmr/m/it/10 ex-
 []


Overfull \hbox (18.39986pt too wide) in paragraph at lines 25--28
\OT1/cmr/m/it/10 pen-
 []


Overfull \hbox (16.35544pt too wide) in paragraph at lines 25--28
\OT1/cmr/m/it/10 sive
 []


Overfull \hbox (22.23318pt too wide) in paragraph at lines 25--28
\OT1/cmr/m/it/10 func-
 []


Overfull \hbox (21.21098pt too wide) in paragraph at lines 25--28
\OT1/cmr/m/it/10 tions
 []


Overfull \hbox (18.14433pt too wide) in paragraph at lines 25--28
\OT1/cmr/m/it/10 with
 []


Overfull \hbox (28.66092pt too wide) in paragraph at lines 25--28
\OT1/cmr/m/it/10 mixed-
 []


Overfull \hbox (29.51642pt too wide) in paragraph at lines 25--28
\OT1/cmr/m/it/10 integer
 []


Overfull \hbox (18.39986pt too wide) in paragraph at lines 25--28
\OT1/cmr/m/it/10 con-
 []


Overfull \hbox (34.11641pt too wide) in paragraph at lines 25--28
\OT1/cmr/m/it/10 strained
 []


Overfull \hbox (13.03325pt too wide) in paragraph at lines 25--28
\OT1/cmr/m/it/10 us-
 []


Overfull \hbox (13.2888pt too wide) in paragraph at lines 25--28
\OT1/cmr/m/it/10 ing
 []


Overfull \hbox (12.39433pt too wide) in paragraph at lines 25--28
\OT1/cmr/m/it/10 ra-
 []


Overfull \hbox (15.84436pt too wide) in paragraph at lines 25--28
\OT1/cmr/m/it/10 dial
 []


Overfull \hbox (12.77766pt too wide) in paragraph at lines 25--28
\OT1/cmr/m/it/10 ba-
 []


Overfull \hbox (11.24438pt too wide) in paragraph at lines 25--28
\OT1/cmr/m/it/10 sis
 []


Overfull \hbox (22.23318pt too wide) in paragraph at lines 25--28
\OT1/cmr/m/it/10 func-
 []


Overfull \hbox (21.21098pt too wide) in paragraph at lines 25--28
\OT1/cmr/m/it/10 tions
 []

Missing character: There is no A in font nullfont!
Missing character: There is no . in font nullfont!
Missing character: There is no G in font nullfont!
Missing character: There is no o in font nullfont!
Missing character: There is no l in font nullfont!
Missing character: There is no b in font nullfont!
Missing character: There is no a in font nullfont!
Missing character: There is no b in font nullfont!
Missing character: There is no a in font nullfont!
Missing character: There is no i in font nullfont!
Missing character: There is no , in font nullfont!
Missing character: There is no A in font nullfont!
Missing character: There is no . in font nullfont!
Missing character: There is no S in font nullfont!
Missing character: There is no a in font nullfont!
Missing character: There is no f in font nullfont!
Missing character: There is no d in font nullfont!
Missing character: There is no a in font nullfont!
Missing character: There is no r in font nullfont!
Missing character: There is no i in font nullfont!
Missing character: There is no V in font nullfont!
Missing character: There is no a in font nullfont!
Missing character: There is no i in font nullfont!
Missing character: There is no g in font nullfont!
Missing character: There is no h in font nullfont!
Missing character: There is no a in font nullfont!
Missing character: There is no n in font nullfont!
Missing character: There is no i in font nullfont!
Missing character: There is no , in font nullfont!
Missing character: There is no , in font nullfont!
Missing character: There is no t in font nullfont!
Missing character: There is no h in font nullfont!
Missing character: There is no e in font nullfont!
Missing character: There is no 2 in font nullfont!
Missing character: There is no t in font nullfont!
Missing character: There is no h in font nullfont!
Missing character: There is no A in font nullfont!
Missing character: There is no n in font nullfont!
Missing character: There is no n in font nullfont!
Missing character: There is no u in font nullfont!
Missing character: There is no a in font nullfont!
Missing character: There is no l in font nullfont!
Missing character: There is no I in font nullfont!
Missing character: There is no r in font nullfont!
Missing character: There is no a in font nullfont!
Missing character: There is no n in font nullfont!
Missing character: There is no i in font nullfont!
Missing character: There is no a in font nullfont!
Missing character: There is no n in font nullfont!
Missing character: There is no a in font nullfont!
Missing character: There is no p in font nullfont!
Missing character: There is no p in font nullfont!
Missing character: There is no l in font nullfont!
Missing character: There is no i in font nullfont!
Missing character: There is no e in font nullfont!
Missing character: There is no d in font nullfont!
Missing character: There is no M in font nullfont!
Missing character: There is no a in font nullfont!
Missing character: There is no t in font nullfont!
Missing character: There is no h in font nullfont!
Missing character: There is no e in font nullfont!
Missing character: There is no m in font nullfont!
Missing character: There is no a in font nullfont!
Missing character: There is no t in font nullfont!
Missing character: There is no i in font nullfont!
Missing character: There is no c in font nullfont!
Missing character: There is no s in font nullfont!
Missing character: There is no M in font nullfont!
Missing character: There is no a in font nullfont!
Missing character: There is no r in font nullfont!
Missing character: There is no c in font nullfont!
Missing character: There is no h in font nullfont!
Missing character: There is no 2 in font nullfont!
Missing character: There is no 0 in font nullfont!
Missing character: There is no 1 in font nullfont!
Missing character: There is no 0 in font nullfont!
Missing character: There is no , in font nullfont!
Missing character: There is no S in font nullfont!
Missing character: There is no i in font nullfont!
Missing character: There is no s in font nullfont!
Missing character: There is no t in font nullfont!
Missing character: There is no a in font nullfont!
Missing character: There is no n in font nullfont!
Missing character: There is no a in font nullfont!
Missing character: There is no n in font nullfont!
Missing character: There is no d in font nullfont!
Missing character: There is no B in font nullfont!
Missing character: There is no l in font nullfont!
Missing character: There is no o in font nullfont!
Missing character: There is no c in font nullfont!
Missing character: There is no h in font nullfont!
Missing character: There is no e in font nullfont!
Missing character: There is no s in font nullfont!
Missing character: There is no t in font nullfont!
Missing character: There is no a in font nullfont!
Missing character: There is no n in font nullfont!
Missing character: There is no U in font nullfont!
Missing character: There is no n in font nullfont!
Missing character: There is no i in font nullfont!
Missing character: There is no v in font nullfont!
Missing character: There is no e in font nullfont!
Missing character: There is no r in font nullfont!
Missing character: There is no s in font nullfont!
Missing character: There is no i in font nullfont!
Missing character: There is no t in font nullfont!
Missing character: There is no y in font nullfont!
Missing character: There is no , in font nullfont!
Missing character: There is no Z in font nullfont!
Missing character: There is no a in font nullfont!
Missing character: There is no h in font nullfont!
Missing character: There is no e in font nullfont!
Missing character: There is no d in font nullfont!
Missing character: There is no a in font nullfont!
Missing character: There is no n in font nullfont!
Missing character: There is no , in font nullfont!
Missing character: There is no I in font nullfont!
Missing character: There is no r in font nullfont!
Missing character: There is no a in font nullfont!
Missing character: There is no n in font nullfont!
Missing character: There is no . in font nullfont!

Overfull \hbox (7.43329pt too wide) in paragraph at lines 29--32
\OT1/cmr/m/it/10 A
 []


Overfull \hbox (25.55539pt too wide) in paragraph at lines 29--32
\OT1/cmr/m/it/10 mesh-
 []


Overfull \hbox (15.33324pt too wide) in paragraph at lines 29--32
\OT1/cmr/m/it/10 less
 []


Overfull \hbox (30.92201pt too wide) in paragraph at lines 29--32
\OT1/cmr/m/it/10 method
 []


Overfull \hbox (12.39436pt too wide) in paragraph at lines 29--32
\OT1/cmr/m/it/10 for
 []


Overfull \hbox (13.03323pt too wide) in paragraph at lines 29--32
\OT1/cmr/m/it/10 the
 []


Overfull \hbox (14.56657pt too wide) in paragraph at lines 29--32
\OT1/cmr/m/it/10 nu-
 []


Overfull \hbox (20.57207pt too wide) in paragraph at lines 29--32
\OT1/cmr/m/it/10 mer-
 []


Overfull \hbox (6.6444pt too wide) in paragraph at lines 29--32
\OT1/cmr/m/it/10 i-
 []


Overfull \hbox (11.75546pt too wide) in paragraph at lines 29--32
\OT1/cmr/m/it/10 cal
 []


Overfull \hbox (12.7777pt too wide) in paragraph at lines 29--32
\OT1/cmr/m/it/10 so-
 []


Overfull \hbox (11.49992pt too wide) in paragraph at lines 29--32
\OT1/cmr/m/it/10 lu-
 []


Overfull \hbox (17.12212pt too wide) in paragraph at lines 29--32
\OT1/cmr/m/it/10 tion
 []


Overfull \hbox (8.17773pt too wide) in paragraph at lines 29--32
\OT1/cmr/m/it/10 of
 []


Overfull \hbox (13.03323pt too wide) in paragraph at lines 29--32
\OT1/cmr/m/it/10 the
 []


Overfull \hbox (18.65543pt too wide) in paragraph at lines 29--32
\OT1/cmr/m/it/10 two-
 []


Overfull \hbox (52.13304pt too wide) in paragraph at lines 29--32
\OT1/cmr/m/it/10 dimensional
 []


Overfull \hbox (43.06079pt too wide) in paragraph at lines 29--32
\OT1/cmr/m/it/10 Zakharov-
 []


Overfull \hbox (44.4886pt too wide) in paragraph at lines 29--32
\OT1/cmr/m/it/10 Kuznetsov
 []


Overfull \hbox (22.74426pt too wide) in paragraph at lines 29--32
\OT1/cmr/m/it/10 equa-
 []


Overfull \hbox (17.12212pt too wide) in paragraph at lines 29--32
\OT1/cmr/m/it/10 tion
 []

Missing character: There is no A in font nullfont!
Missing character: There is no . in font nullfont!
Missing character: There is no G in font nullfont!
Missing character: There is no o in font nullfont!
Missing character: There is no l in font nullfont!
Missing character: There is no b in font nullfont!
Missing character: There is no a in font nullfont!
Missing character: There is no b in font nullfont!
Missing character: There is no a in font nullfont!
Missing character: There is no i in font nullfont!
Missing character: There is no , in font nullfont!
Missing character: There is no A in font nullfont!
Missing character: There is no . in font nullfont!
Missing character: There is no S in font nullfont!
Missing character: There is no a in font nullfont!
Missing character: There is no f in font nullfont!
Missing character: There is no d in font nullfont!
Missing character: There is no a in font nullfont!
Missing character: There is no r in font nullfont!
Missing character: There is no i in font nullfont!
Missing character: There is no V in font nullfont!
Missing character: There is no a in font nullfont!
Missing character: There is no i in font nullfont!
Missing character: There is no g in font nullfont!
Missing character: There is no h in font nullfont!
Missing character: There is no a in font nullfont!
Missing character: There is no n in font nullfont!
Missing character: There is no i in font nullfont!
Missing character: There is no , in font nullfont!
Missing character: There is no , in font nullfont!
Missing character: There is no t in font nullfont!
Missing character: There is no h in font nullfont!
Missing character: There is no e in font nullfont!
Missing character: There is no 4 in font nullfont!
Missing character: There is no 1 in font nullfont!
Missing character: There is no t in font nullfont!
Missing character: There is no h in font nullfont!
Missing character: There is no I in font nullfont!
Missing character: There is no r in font nullfont!
Missing character: There is no a in font nullfont!
Missing character: There is no n in font nullfont!
Missing character: There is no i in font nullfont!
Missing character: There is no a in font nullfont!
Missing character: There is no n in font nullfont!
Missing character: There is no I in font nullfont!
Missing character: There is no n in font nullfont!
Missing character: There is no t in font nullfont!
Missing character: There is no e in font nullfont!
Missing character: There is no r in font nullfont!
Missing character: There is no n in font nullfont!
Missing character: There is no a in font nullfont!
Missing character: There is no t in font nullfont!
Missing character: There is no i in font nullfont!
Missing character: There is no o in font nullfont!
Missing character: There is no n in font nullfont!
Missing character: There is no a in font nullfont!
Missing character: There is no l in font nullfont!
Missing character: There is no C in font nullfont!
Missing character: There is no o in font nullfont!
Missing character: There is no n in font nullfont!
Missing character: There is no f in font nullfont!
Missing character: There is no e in font nullfont!
Missing character: There is no r in font nullfont!
Missing character: There is no e in font nullfont!
Missing character: There is no n in font nullfont!
Missing character: There is no c in font nullfont!
Missing character: There is no e in font nullfont!
Missing character: There is no o in font nullfont!
Missing character: There is no n in font nullfont!
Missing character: There is no M in font nullfont!
Missing character: There is no a in font nullfont!
Missing character: There is no t in font nullfont!
Missing character: There is no h in font nullfont!
Missing character: There is no e in font nullfont!
Missing character: There is no m in font nullfont!
Missing character: There is no a in font nullfont!
Missing character: There is no t in font nullfont!
Missing character: There is no i in font nullfont!
Missing character: There is no c in font nullfont!
Missing character: There is no s in font nullfont!
Missing character: There is no 1 in font nullfont!
Missing character: There is no 2 in font nullfont!
Missing character: There is no - in font nullfont!
Missing character: There is no 1 in font nullfont!
Missing character: There is no 5 in font nullfont!
Missing character: There is no S in font nullfont!
Missing character: There is no e in font nullfont!
Missing character: There is no p in font nullfont!
Missing character: There is no t in font nullfont!
Missing character: There is no e in font nullfont!
Missing character: There is no m in font nullfont!
Missing character: There is no b in font nullfont!
Missing character: There is no e in font nullfont!
Missing character: There is no r in font nullfont!
Missing character: There is no 2 in font nullfont!
Missing character: There is no 0 in font nullfont!
Missing character: There is no 1 in font nullfont!
Missing character: There is no 0 in font nullfont!
Missing character: There is no , in font nullfont!
Missing character: There is no U in font nullfont!
Missing character: There is no n in font nullfont!
Missing character: There is no i in font nullfont!
Missing character: There is no v in font nullfont!
Missing character: There is no e in font nullfont!
Missing character: There is no r in font nullfont!
Missing character: There is no s in font nullfont!
Missing character: There is no i in font nullfont!
Missing character: There is no t in font nullfont!
Missing character: There is no y in font nullfont!
Missing character: There is no o in font nullfont!
Missing character: There is no f in font nullfont!
Missing character: There is no U in font nullfont!
Missing character: There is no r in font nullfont!
Missing character: There is no m in font nullfont!
Missing character: There is no i in font nullfont!
Missing character: There is no a in font nullfont!
Missing character: There is no , in font nullfont!
Missing character: There is no U in font nullfont!
Missing character: There is no r in font nullfont!
Missing character: There is no m in font nullfont!
Missing character: There is no i in font nullfont!
Missing character: There is no a in font nullfont!
Missing character: There is no , in font nullfont!
Missing character: There is no I in font nullfont!
Missing character: There is no r in font nullfont!
Missing character: There is no a in font nullfont!
Missing character: There is no n in font nullfont!
Missing character: There is no . in font nullfont!

Overfull \hbox (16.12212pt too wide) in paragraph at lines 33--36
\OT1/cmr/m/it/10 Ap-
 []


Overfull \hbox (22.14429pt too wide) in paragraph at lines 33--36
\OT1/cmr/m/it/10 prox-
 []


Overfull \hbox (6.6444pt too wide) in paragraph at lines 33--36
\OT1/cmr/m/it/10 i-
 []


Overfull \hbox (21.21097pt too wide) in paragraph at lines 33--36
\OT1/cmr/m/it/10 mate
 []


Overfull \hbox (12.7777pt too wide) in paragraph at lines 33--36
\OT1/cmr/m/it/10 so-
 []


Overfull \hbox (11.49992pt too wide) in paragraph at lines 33--36
\OT1/cmr/m/it/10 lu-
 []


Overfull \hbox (17.12212pt too wide) in paragraph at lines 33--36
\OT1/cmr/m/it/10 tion
 []


Overfull \hbox (8.17773pt too wide) in paragraph at lines 33--36
\OT1/cmr/m/it/10 of
 []


Overfull \hbox (13.03323pt too wide) in paragraph at lines 33--36
\OT1/cmr/m/it/10 the
 []


Overfull \hbox (20.79153pt too wide) in paragraph at lines 33--36
\OT1/cmr/m/it/10 KGS
 []


Overfull \hbox (22.74426pt too wide) in paragraph at lines 33--36
\OT1/cmr/m/it/10 equa-
 []


Overfull \hbox (17.12212pt too wide) in paragraph at lines 33--36
\OT1/cmr/m/it/10 tion
 []


Overfull \hbox (13.03325pt too wide) in paragraph at lines 33--36
\OT1/cmr/m/it/10 us-
 []


Overfull \hbox (13.2888pt too wide) in paragraph at lines 33--36
\OT1/cmr/m/it/10 ing
 []


Overfull \hbox (20.86098pt too wide) in paragraph at lines 33--36
\OT1/cmr/m/it/10 RBF
 []


Overfull \hbox (8.68884pt too wide) in paragraph at lines 33--36
\OT1/cmr/m/it/10 in
 []


Overfull \hbox (5.11108pt too wide) in paragraph at lines 33--36
\OT1/cmr/m/it/10 a
 []


Overfull \hbox (25.81093pt too wide) in paragraph at lines 33--36
\OT1/cmr/m/it/10 finite-
 []


Overfull \hbox (43.9663pt too wide) in paragraph at lines 33--36
\OT1/cmr/m/it/10 Difference
 []


Overfull \hbox (22.48874pt too wide) in paragraph at lines 33--36
\OT1/cmr/m/it/10 mode
 []


! LaTeX Error: \begin{document} ended by \end{latin}.

See the LaTeX manual or LaTeX Companion for explanation.
Type  H <return>  for immediate help.
 ...                                              
                                                  
l.39 \end{latin}
                
Your command was ignored.
Type  I <command> <return>  to replace it with another command,
or  <return>  to continue without it.

)
! Emergency stop.
<*> Papers.tex
              
*** (job aborted, no legal \end found)

 
Here is how much of TeX's memory you used:
 11 strings out of 494146
 92 string characters out of 3155807
 50917 words of memory out of 3000000
 3372 multiletter control sequences out of 15000+200000
 3986 words of font info for 15 fonts, out of 3000000 for 9000
 1018 hyphenation exceptions out of 8191
 13i,1n,10p,141b,120s stack positions out of 5000i,500n,10000p,200000b,50000s
No pages of output.
